<?xml version="1.0" encoding="UTF-8" ?>
<testsuite tests="6" failures="0" name="org.ssldev.api.utils.BinaryUtilTest" time="0.103" errors="0" skipped="0">
  <properties>
[...]
</properties>
  <testcase classname="org.ssldev.api.utils.BinaryUtilTest" name="testByteToDecimal" time="0.1"/>
  <testcase classname="org.ssldev.api.utils.BinaryUtilTest" name="testReadString" time="0"/>
  <testcase classname="org.ssldev.api.utils.BinaryUtilTest" name="testFastForwardBuffer" time="0.002"/>
  <testcase classname="org.ssldev.api.utils.BinaryUtilTest" name="testReadInt" time="0.001"/>
  <testcase classname="org.ssldev.api.utils.BinaryUtilTest" name="testReadTil" time="0"/>
  <testcase classname="org.ssldev.api.utils.BinaryUtilTest" name="testLength" time="0"/>
</testsuite>